<?xml version="1.0" encoding="UTF-8"?>
<testng-results ignored="1" total="3" passed="2" failed="0" skipped="0">
  <reporter-output>
  </reporter-output>
  <suite started-at="2018-08-18T18:58:21Z" name="TestSuite" finished-at="2018-08-18T18:58:21Z" duration-ms="117">
    <groups>
    </groups>
    <test started-at="2018-08-18T18:58:21Z" name="my test" finished-at="2018-08-18T18:58:21Z" duration-ms="117">
      <class name="xmlTest.XmlTest">
        <test-method signature="xmlTest()[pri:0, instance:xmlTest.XmlTest@4c309d4d]" started-at="2018-08-18T18:58:21Z" name="xmlTest" finished-at="2018-08-18T18:58:21Z" duration-ms="30" status="PASS">
          <reporter-output>
          </reporter-output>
        </test-method> <!-- xmlTest -->
      </class> <!-- xmlTest.XmlTest -->
      <class name="test2.TestXML2">
        <test-method signature="Tester()[pri:0, instance:test2.TestXML2@38102d01]" started-at="2018-08-18T18:58:21Z" name="Tester" finished-at="2018-08-18T18:58:21Z" duration-ms="2" status="PASS">
          <reporter-output>
          </reporter-output>
        </test-method> <!-- Tester -->
      </class> <!-- test2.TestXML2 -->
    </test> <!-- my test -->
  </suite> <!-- TestSuite -->
</testng-results>
