<?xml version="1.0" encoding="UTF-8"?>
<!-- Generated by org.testng.reporters.JUnitXMLReporter -->
<testsuite ignored="1" hostname="DESKTOP-7M048UE" failures="0" tests="2" name="my test" time="0.035" errors="0" timestamp="27 Apr 2018 00:24:47 GMT">
  <testcase classname="xmlTest.XmlTest" name="xmlTest" time="0.009"/>
  <testcase classname="test2.TestXML2" name="Tester" time="0.001"/>
  <testcase classname="xmlTest.XmlTest" name="xmlTest2" time="0.0">
    <ignored/>
  </testcase> <!-- xmlTest2 -->
</testsuite> <!-- my test -->
